<?xml version="1.0" encoding="UTF-8"?>
<!-- Generated by org.testng.reporters.JUnitReportReporter -->
<testsuite skipped="0" hostname="LAPTOP-H0V72KCH" name="org.testng.real.Example1" tests="3" failures="0" timestamp="07 Feb 2021 08:01:39 GMT" time="0.023" errors="0">
  <testcase name="test1" time="0.017" classname="org.testng.real.Example1"/>
  <testcase name="test3" time="0.003" classname="org.testng.real.Example1"/>
  <testcase name="test2" time="0.003" classname="org.testng.real.Example1"/>
</testsuite> <!-- org.testng.real.Example1 -->
