<?xml version="1.0" encoding="UTF-8"?>
<!-- Generated by org.testng.reporters.JUnitReportReporter -->
<testsuite skipped="0" hostname="LAPTOP-H0V72KCH" name="org.testng.NewMock" tests="2" failures="0" timestamp="07 Feb 2021 04:43:34 GMT" time="0.009" errors="0">
  <testcase name="t2" time="0.008" classname="org.testng.NewMock"/>
  <testcase name="test1" time="0.001" classname="org.testng.NewMock"/>
</testsuite> <!-- org.testng.NewMock -->
