<?xml version="1.0" encoding="UTF-8"?>
<!-- Generated by org.testng.reporters.JUnitReportReporter -->
<testsuite skipped="1" hostname="LAPTOP-H0V72KCH" name="org.testng.real1.Example3" tests="2" failures="0" timestamp="07 Feb 2021 17:24:29 GMT" time="0.002" errors="0">
  <testcase name="test32" time="0.002" classname="org.testng.real1.Example3"/>
  <testcase name="test31" classname="org.testng.real1.Example3">
    <skipped/>
  </testcase> <!-- test31 -->
</testsuite> <!-- org.testng.real1.Example3 -->
