<?xml version="1.0" encoding="UTF-8"?>
<!-- Generated by org.testng.reporters.JUnitReportReporter -->
<testsuite skipped="0" hostname="LAPTOP-H0V72KCH" name="org.testng.real.Example3" tests="3" failures="0" timestamp="07 Feb 2021 07:54:07 GMT" time="0.030" errors="0">
  <testcase name="test23" time="0.009" classname="org.testng.real.Example3"/>
  <testcase name="test21" time="0.018" classname="org.testng.real.Example3"/>
  <testcase name="test22" time="0.003" classname="org.testng.real.Example3"/>
</testsuite> <!-- org.testng.real.Example3 -->
