<?xml version="1.0" encoding="UTF-8"?>
<!-- Generated by org.testng.reporters.JUnitReportReporter -->
<testsuite skipped="0" hostname="LAPTOP-H0V72KCH" name="org.testng.real1.Example1" tests="1" failures="0" timestamp="07 Feb 2021 18:34:27 GMT" time="5.939" errors="0">
  <testcase name="test1" time="5.939" classname="org.testng.real1.Example1"/>
</testsuite> <!-- org.testng.real1.Example1 -->
