<?xml version="1.0" encoding="UTF-8"?>
<!-- Generated by org.testng.reporters.JUnitReportReporter -->
<testsuite skipped="0" hostname="LAPTOP-H0V72KCH" name="org.testng.real.Example2" tests="1" failures="0" timestamp="11 Feb 2021 06:08:23 GMT" time="0.016" errors="0">
  <testcase name="test13" time="0.016" classname="org.testng.real.Example2"/>
</testsuite> <!-- org.testng.real.Example2 -->
