<?xml version="1.0" encoding="UTF-8"?>
<!-- Generated by org.testng.reporters.JUnitReportReporter -->
<testsuite skipped="0" hostname="LAPTOP-H0V72KCH" name="org.testng.real1.Example2" tests="2" failures="0" timestamp="07 Feb 2021 17:37:22 GMT" time="0.012" errors="0">
  <testcase name="test11" time="0.011" classname="org.testng.real1.Example2"/>
  <testcase name="test12" time="0.001" classname="org.testng.real1.Example2"/>
</testsuite> <!-- org.testng.real1.Example2 -->
