<?xml version="1.0" encoding="UTF-8"?>
<!-- Generated by org.testng.reporters.JUnitReportReporter -->
<testsuite skipped="0" hostname="LAPTOP-H0V72KCH" name="org.dataprovider.A" tests="4" failures="0" timestamp="08 Feb 2021 06:02:51 GMT" time="0.020" errors="0">
  <testcase name="tc2" time="0.002" classname="org.dataprovider.A"/>
  <testcase name="tc2" time="0.014" classname="org.dataprovider.A"/>
  <testcase name="tc2" time="0.002" classname="org.dataprovider.A"/>
  <testcase name="tc2" time="0.002" classname="org.dataprovider.A"/>
</testsuite> <!-- org.dataprovider.A -->
