<?xml version="1.0" encoding="UTF-8"?>
<!-- Generated by org.testng.reporters.JUnitReportReporter -->
<testsuite skipped="0" hostname="LAPTOP-H0V72KCH" name="org.testng.parallel.Example1" tests="1" failures="0" timestamp="08 Feb 2021 05:11:33 GMT" time="7.462" errors="0">
  <testcase name="test1" time="7.462" classname="org.testng.parallel.Example1"/>
</testsuite> <!-- org.testng.parallel.Example1 -->
