<?xml version="1.0" encoding="UTF-8"?>
<!-- Generated by org.testng.reporters.JUnitReportReporter -->
<testsuite skipped="0" hostname="LAPTOP-H0V72KCH" name="org.fail.thirdmodel.AnotherClass" tests="2" failures="0" timestamp="09 Feb 2021 04:42:24 GMT" time="0.037" errors="0">
  <testcase name="test1" time="0.034" classname="org.fail.thirdmodel.AnotherClass"/>
  <testcase name="test2" time="0.003" classname="org.fail.thirdmodel.AnotherClass"/>
</testsuite> <!-- org.fail.thirdmodel.AnotherClass -->
