<?xml version="1.0" encoding="UTF-8"?>
<!-- Generated by org.testng.reporters.JUnitReportReporter -->
<testsuite skipped="0" hostname="LAPTOP-H0V72KCH" name="org.adactin.execution.AdactinExection" tests="1" failures="0" timestamp="14 Mar 2021 07:10:13 GMT" time="16.243" errors="0">
  <testcase name="test1" time="16.243" classname="org.adactin.execution.AdactinExection"/>
</testsuite> <!-- org.adactin.execution.AdactinExection -->
